<?xml version="1.0" encoding="UTF-8"?>
<!-- Generated by org.testng.reporters.JUnitReportReporter -->
<testsuite hostname="LAPTOP-J0EGH49S" failures="0" tests="1" name="photoidentity.photo" time="14.463" errors="0" timestamp="2023-11-22T12:41:11 IST" skipped="0">
  <testcase classname="photoidentity.photo" name="photo" time="14.463"/>
  <system-out/>
</testsuite> <!-- photoidentity.photo -->
