<?xml version="1.0" encoding="UTF-8"?>
<!-- Generated by org.testng.reporters.JUnitReportReporter -->
<testsuite hostname="LAPTOP-J0EGH49S" failures="0" tests="1" name="com.OrangeHRM.LogInPanelTest" time="0.004" errors="0" timestamp="2023-12-08T08:31:19 IST" skipped="0">
  <testcase classname="com.OrangeHRM.LogInPanelTest" name="validatingLogInPanelTextTest" time="0.004"/>
  <system-out/>
</testsuite> <!-- com.OrangeHRM.LogInPanelTest -->
