<?xml version="1.0" encoding="UTF-8"?>
<!-- Generated by org.testng.reporters.JUnitReportReporter -->
<testsuite hostname="LAPTOP-J0EGH49S" failures="0" tests="5" name="com.OrangeHRMTests.AddEmployeePageTest" time="2.289" errors="0" timestamp="2023-12-09T08:33:24 IST" skipped="0">
  <testcase classname="com.OrangeHRMTests.AddEmployeePageTest" name="LogInPanelTextTest" time="0.118"/>
  <system-out/>
  <testcase classname="com.OrangeHRMTests.AddEmployeePageTest" name="LOGOTest" time="0.042"/>
  <system-out/>
  <testcase classname="com.OrangeHRMTests.AddEmployeePageTest" name="UserData" time="1.375"/>
  <system-out/>
  <testcase classname="com.OrangeHRMTests.AddEmployeePageTest" name="welcomeAdminTextTest" time="0.043"/>
  <system-out/>
  <testcase classname="com.OrangeHRMTests.AddEmployeePageTest" name="AddEmployeetest" time="0.711"/>
  <system-out/>
</testsuite> <!-- com.OrangeHRMTests.AddEmployeePageTest -->
