<?xml version="1.0" encoding="UTF-8"?>
<!-- Generated by org.testng.reporters.JUnitReportReporter -->
<testsuite hostname="LAPTOP-J0EGH49S" failures="0" tests="1" name="com.OrangeHRMTests.LogInPanelTest" time="0.104" errors="0" timestamp="2023-12-08T13:22:50 IST" skipped="0">
  <testcase classname="com.OrangeHRMTests.LogInPanelTest" name="ValidatinglogInPannelTextTest" time="0.104"/>
  <system-out/>
</testsuite> <!-- com.OrangeHRMTests.LogInPanelTest -->
