<?xml version="1.0" encoding="UTF-8"?>
<!-- Generated by org.testng.reporters.JUnitReportReporter -->
<testsuite hostname="LAPTOP-J0EGH49S" failures="0" tests="3" name="com.OrangeHRM.OrangeHRMLogInPageTest" time="4.748" errors="0" timestamp="2023-12-02T11:22:38 IST" skipped="0">
  <testcase classname="com.OrangeHRM.OrangeHRMLogInPageTest" name="OrangeHRMLogInPageTest" time="0.092"/>
  <system-out/>
  <testcase classname="com.OrangeHRM.OrangeHRMLogInPageTest" name="validatingOrangeHRMApplicationLogInPageLogoTest" time="0.088"/>
  <system-out/>
  <testcase classname="com.OrangeHRM.OrangeHRMLogInPageTest" name="validatingLogInFunctionalityTest" time="4.568"/>
  <system-out/>
</testsuite> <!-- com.OrangeHRM.OrangeHRMLogInPageTest -->
