<?xml version="1.0" encoding="UTF-8"?>
<!-- Generated by org.testng.reporters.JUnitReportReporter -->
<testsuite hostname="LAPTOP-J0EGH49S" failures="0" tests="1" name="com.OrangeHRMApplicationTestCases.OrangeHRMLogInPageTest" time="0.075" errors="0" timestamp="2023-12-08T08:27:44 IST" skipped="0">
  <testcase classname="com.OrangeHRMApplicationTestCases.OrangeHRMLogInPageTest" name="validatingLogInPanelTextTest" time="0.075"/>
  <system-out/>
</testsuite> <!-- com.OrangeHRMApplicationTestCases.OrangeHRMLogInPageTest -->
