<?xml version="1.0" encoding="UTF-8"?>
<!-- Generated by org.testng.reporters.JUnitReportReporter -->
<testsuite hostname="LAPTOP-J0EGH49S" failures="0" tests="7" name="OHRM.AddEmployee" time="15.220" errors="0" timestamp="2023-12-09T11:42:29 IST" skipped="0">
  <testcase classname="OHRM.AddEmployee" name="LogInPanel" time="0.259"/>
  <system-out/>
  <testcase classname="OHRM.AddEmployee" name="username" time="1.309"/>
  <system-out/>
  <testcase classname="OHRM.AddEmployee" name="welComeAdmin" time="0.116"/>
  <system-out/>
  <testcase classname="OHRM.AddEmployee" name="PIMMouseHover" time="0.152"/>
  <system-out/>
  <testcase classname="OHRM.AddEmployee" name="AddEmployeeTextPageTest" time="0.741"/>
  <system-out/>
  <testcase classname="OHRM.AddEmployee" name="UserData" time="0.254"/>
  <system-out/>
  <testcase classname="OHRM.AddEmployee" name="photo" time="12.389"/>
  <system-out/>
</testsuite> <!-- OHRM.AddEmployee -->
