<?xml version="1.0" encoding="UTF-8"?>
<!-- Generated by org.testng.reporters.JUnitReportReporter -->
<testsuite hostname="LAPTOP-J0EGH49S" failures="0" tests="14" name="OHRM.EmployeeListTest" time="53.763" errors="0" timestamp="2023-12-10T17:25:33 IST" skipped="0">
  <testcase classname="OHRM.EmployeeListTest" name="LogInPanel" time="2.191"/>
  <system-out/>
  <testcase classname="OHRM.EmployeeListTest" name="username" time="5.551"/>
  <system-out/>
  <testcase classname="OHRM.EmployeeListTest" name="welComeAdmin" time="0.326"/>
  <system-out/>
  <testcase classname="OHRM.EmployeeListTest" name="PIMMouseHover" time="0.244"/>
  <system-out/>
  <testcase classname="OHRM.EmployeeListTest" name="AddEmployeeTextPageTest" time="2.409"/>
  <system-out/>
  <testcase classname="OHRM.EmployeeListTest" name="UserData" time="1.224"/>
  <system-out/>
  <testcase classname="OHRM.EmployeeListTest" name="photo" time="15.339"/>
  <system-out/>
  <testcase classname="OHRM.EmployeeListTest" name="PersonalDetailsTest" time="0.591"/>
  <system-out/>
  <testcase classname="OHRM.EmployeeListTest" name="NameValidation" time="1.895"/>
  <system-out/>
  <testcase classname="OHRM.EmployeeListTest" name="PhotoAboveName" time="0.483"/>
  <system-out/>
  <testcase classname="OHRM.EmployeeListTest" name="EmployeeList" time="3.374"/>
  <system-out/>
  <testcase classname="OHRM.EmployeeListTest" name="EmployeeListTable" time="15.851"/>
  <system-out/>
  <testcase classname="OHRM.EmployeeListTest" name="Logout" time="3.838"/>
  <system-out/>
  <testcase classname="OHRM.EmployeeListTest" name="LogInPage" time="0.447"/>
  <system-out/>
</testsuite> <!-- OHRM.EmployeeListTest -->
