<?xml version="1.0" encoding="UTF-8"?>
<!-- Generated by org.testng.reporters.JUnitReportReporter -->
<testsuite hostname="LAPTOP-J0EGH49S" failures="0" tests="3" name="OHRM.LogInPageOHRM" time="4.885" errors="0" timestamp="2023-12-09T11:42:29 IST" skipped="0">
  <testcase classname="OHRM.LogInPageOHRM" name="LogInPanel" time="0.977"/>
  <system-out/>
  <testcase classname="OHRM.LogInPageOHRM" name="username" time="3.779"/>
  <system-out/>
  <testcase classname="OHRM.LogInPageOHRM" name="welComeAdmin" time="0.129"/>
  <system-out/>
</testsuite> <!-- OHRM.LogInPageOHRM -->
